  MainForm.cpp
D:\GraduationProject\GraduationProject\ClassificationForm.h(26,14): warning C4244: 'argument': conversion from 'time_t' to 'unsigned int', possible loss of data
D:\GraduationProject\GraduationProject\ClassificationForm.h(524,12): warning C4101: 'samplenum': unreferenced local variable
D:\GraduationProject\GraduationProject\ClassificationForm.h(524,28): warning C4101: 'label': unreferenced local variable
D:\GraduationProject\GraduationProject\CalibrationForm.h(460,22): warning C4996: 'fopen': This function or variable may be unsafe. Consider using fopen_s instead. To disable deprecation, use _CRT_SECURE_NO_WARNINGS. See online help for details.
D:\GraduationProject\GraduationProject\CalibrationForm.h(464,11): warning C4996: 'fscanf': This function or variable may be unsafe. Consider using fscanf_s instead. To disable deprecation, use _CRT_SECURE_NO_WARNINGS. See online help for details.
D:\GraduationProject\GraduationProject\CalibrationForm.h(465,11): warning C4996: 'fscanf': This function or variable may be unsafe. Consider using fscanf_s instead. To disable deprecation, use _CRT_SECURE_NO_WARNINGS. See online help for details.
D:\GraduationProject\GraduationProject\CalibrationForm.h(466,11): warning C4996: 'fscanf': This function or variable may be unsafe. Consider using fscanf_s instead. To disable deprecation, use _CRT_SECURE_NO_WARNINGS. See online help for details.
D:\GraduationProject\GraduationProject\CalibrationForm.h(571,41): warning C4244: '=': conversion from 'int' to 'float', possible loss of data
D:\GraduationProject\GraduationProject\CalibrationForm.h(572,45): warning C4244: '=': conversion from 'int' to 'float', possible loss of data
D:\GraduationProject\GraduationProject\CalibrationForm.h(585,53): warning C4244: '=': conversion from 'int' to 'float', possible loss of data
D:\GraduationProject\GraduationProject\CalibrationForm.h(586,53): warning C4244: '=': conversion from 'int' to 'float', possible loss of data
D:\GraduationProject\GraduationProject\CalibrationForm.h(587,53): warning C4244: '=': conversion from 'int' to 'float', possible loss of data
D:\GraduationProject\GraduationProject\CalibrationForm.h(634,18): warning C4996: 'fopen': This function or variable may be unsafe. Consider using fopen_s instead. To disable deprecation, use _CRT_SECURE_NO_WARNINGS. See online help for details.
D:\GraduationProject\GraduationProject\CalibrationForm.h(637,6): warning C4996: 'fscanf': This function or variable may be unsafe. Consider using fscanf_s instead. To disable deprecation, use _CRT_SECURE_NO_WARNINGS. See online help for details.
D:\GraduationProject\GraduationProject\CalibrationForm.h(638,6): warning C4996: 'fscanf': This function or variable may be unsafe. Consider using fscanf_s instead. To disable deprecation, use _CRT_SECURE_NO_WARNINGS. See online help for details.
D:\GraduationProject\GraduationProject\CalibrationForm.h(639,6): warning C4996: 'fscanf': This function or variable may be unsafe. Consider using fscanf_s instead. To disable deprecation, use _CRT_SECURE_NO_WARNINGS. See online help for details.
D:\GraduationProject\GraduationProject\CalibrationForm.h(655,24): warning C4244: '=': conversion from 'int' to 'float', possible loss of data
D:\GraduationProject\GraduationProject\CalibrationForm.h(656,24): warning C4244: '=': conversion from 'int' to 'float', possible loss of data
D:\GraduationProject\GraduationProject\CalibrationForm.h(682,19): warning C4244: 'initializing': conversion from 'double' to 'float', possible loss of data
D:\GraduationProject\GraduationProject\MainForm.h(424,19): warning C4244: 'initializing': conversion from 'double' to 'float', possible loss of data
D:\GraduationProject\GraduationProject\MainForm.h(434,41): warning C4244: '=': conversion from 'int' to 'float', possible loss of data
D:\GraduationProject\GraduationProject\MainForm.h(435,45): warning C4244: '=': conversion from 'int' to 'float', possible loss of data
D:\GraduationProject\GraduationProject\MainForm.h(454,41): warning C4244: '=': conversion from 'int' to 'float', possible loss of data
D:\GraduationProject\GraduationProject\MainForm.h(455,44): warning C4244: '=': conversion from 'int' to 'float', possible loss of data
D:\GraduationProject\GraduationProject\MainForm.h(497,12): warning C4101: 'samplenum': unreferenced local variable
D:\GraduationProject\GraduationProject\MainForm.h(497,28): warning C4101: 'label': unreferenced local variable
  image.cpp
D:\GraduationProject\GraduationProject\ClassificationForm.h(26,14): warning C4244: 'argument': conversion from 'time_t' to 'unsigned int', possible loss of data
D:\GraduationProject\GraduationProject\ClassificationForm.h(524,12): warning C4101: 'samplenum': unreferenced local variable
D:\GraduationProject\GraduationProject\ClassificationForm.h(524,28): warning C4101: 'label': unreferenced local variable
D:\GraduationProject\GraduationProject\CalibrationForm.h(460,22): warning C4996: 'fopen': This function or variable may be unsafe. Consider using fopen_s instead. To disable deprecation, use _CRT_SECURE_NO_WARNINGS. See online help for details.
D:\GraduationProject\GraduationProject\CalibrationForm.h(464,11): warning C4996: 'fscanf': This function or variable may be unsafe. Consider using fscanf_s instead. To disable deprecation, use _CRT_SECURE_NO_WARNINGS. See online help for details.
D:\GraduationProject\GraduationProject\CalibrationForm.h(465,11): warning C4996: 'fscanf': This function or variable may be unsafe. Consider using fscanf_s instead. To disable deprecation, use _CRT_SECURE_NO_WARNINGS. See online help for details.
D:\GraduationProject\GraduationProject\CalibrationForm.h(466,11): warning C4996: 'fscanf': This function or variable may be unsafe. Consider using fscanf_s instead. To disable deprecation, use _CRT_SECURE_NO_WARNINGS. See online help for details.
D:\GraduationProject\GraduationProject\CalibrationForm.h(571,41): warning C4244: '=': conversion from 'int' to 'float', possible loss of data
D:\GraduationProject\GraduationProject\CalibrationForm.h(572,45): warning C4244: '=': conversion from 'int' to 'float', possible loss of data
D:\GraduationProject\GraduationProject\CalibrationForm.h(585,53): warning C4244: '=': conversion from 'int' to 'float', possible loss of data
D:\GraduationProject\GraduationProject\CalibrationForm.h(586,53): warning C4244: '=': conversion from 'int' to 'float', possible loss of data
D:\GraduationProject\GraduationProject\CalibrationForm.h(587,53): warning C4244: '=': conversion from 'int' to 'float', possible loss of data
D:\GraduationProject\GraduationProject\CalibrationForm.h(634,18): warning C4996: 'fopen': This function or variable may be unsafe. Consider using fopen_s instead. To disable deprecation, use _CRT_SECURE_NO_WARNINGS. See online help for details.
D:\GraduationProject\GraduationProject\CalibrationForm.h(637,6): warning C4996: 'fscanf': This function or variable may be unsafe. Consider using fscanf_s instead. To disable deprecation, use _CRT_SECURE_NO_WARNINGS. See online help for details.
D:\GraduationProject\GraduationProject\CalibrationForm.h(638,6): warning C4996: 'fscanf': This function or variable may be unsafe. Consider using fscanf_s instead. To disable deprecation, use _CRT_SECURE_NO_WARNINGS. See online help for details.
D:\GraduationProject\GraduationProject\CalibrationForm.h(639,6): warning C4996: 'fscanf': This function or variable may be unsafe. Consider using fscanf_s instead. To disable deprecation, use _CRT_SECURE_NO_WARNINGS. See online help for details.
D:\GraduationProject\GraduationProject\CalibrationForm.h(655,24): warning C4244: '=': conversion from 'int' to 'float', possible loss of data
D:\GraduationProject\GraduationProject\CalibrationForm.h(656,24): warning C4244: '=': conversion from 'int' to 'float', possible loss of data
D:\GraduationProject\GraduationProject\CalibrationForm.h(682,19): warning C4244: 'initializing': conversion from 'double' to 'float', possible loss of data
D:\GraduationProject\GraduationProject\MainForm.h(424,19): warning C4244: 'initializing': conversion from 'double' to 'float', possible loss of data
D:\GraduationProject\GraduationProject\MainForm.h(434,41): warning C4244: '=': conversion from 'int' to 'float', possible loss of data
D:\GraduationProject\GraduationProject\MainForm.h(435,45): warning C4244: '=': conversion from 'int' to 'float', possible loss of data
D:\GraduationProject\GraduationProject\MainForm.h(454,41): warning C4244: '=': conversion from 'int' to 'float', possible loss of data
D:\GraduationProject\GraduationProject\MainForm.h(455,44): warning C4244: '=': conversion from 'int' to 'float', possible loss of data
D:\GraduationProject\GraduationProject\MainForm.h(497,12): warning C4101: 'samplenum': unreferenced local variable
D:\GraduationProject\GraduationProject\MainForm.h(497,28): warning C4101: 'label': unreferenced local variable
D:\GraduationProject\GraduationProject\image.cpp(62,73): warning C4244: '=': conversion from 'double' to 'unsigned char', possible loss of data
D:\GraduationProject\GraduationProject\image.cpp(316,57): warning C4244: '+=': conversion from 'double' to 'int', possible loss of data
D:\GraduationProject\GraduationProject\image.cpp(318,17): warning C4244: '=': conversion from 'double' to 'int', possible loss of data
D:\GraduationProject\GraduationProject\image.cpp(326,43): warning C4244: '+=': conversion from 'double' to 'int', possible loss of data
D:\GraduationProject\GraduationProject\image.cpp(328,17): warning C4244: '=': conversion from 'double' to 'int', possible loss of data
D:\GraduationProject\GraduationProject\image.cpp(336,37): warning C4244: '+=': conversion from 'double' to 'float', possible loss of data
  main.cpp
D:\GraduationProject\GraduationProject\main.cpp(1,10): warning C4067: unexpected tokens following preprocessor directive - expected a newline
D:\GraduationProject\GraduationProject\ClassificationForm.h(26,14): warning C4244: 'argument': conversion from 'time_t' to 'unsigned int', possible loss of data
D:\GraduationProject\GraduationProject\ClassificationForm.h(524,12): warning C4101: 'samplenum': unreferenced local variable
D:\GraduationProject\GraduationProject\ClassificationForm.h(524,28): warning C4101: 'label': unreferenced local variable
D:\GraduationProject\GraduationProject\CalibrationForm.h(460,22): warning C4996: 'fopen': This function or variable may be unsafe. Consider using fopen_s instead. To disable deprecation, use _CRT_SECURE_NO_WARNINGS. See online help for details.
D:\GraduationProject\GraduationProject\CalibrationForm.h(464,11): warning C4996: 'fscanf': This function or variable may be unsafe. Consider using fscanf_s instead. To disable deprecation, use _CRT_SECURE_NO_WARNINGS. See online help for details.
D:\GraduationProject\GraduationProject\CalibrationForm.h(465,11): warning C4996: 'fscanf': This function or variable may be unsafe. Consider using fscanf_s instead. To disable deprecation, use _CRT_SECURE_NO_WARNINGS. See online help for details.
D:\GraduationProject\GraduationProject\CalibrationForm.h(466,11): warning C4996: 'fscanf': This function or variable may be unsafe. Consider using fscanf_s instead. To disable deprecation, use _CRT_SECURE_NO_WARNINGS. See online help for details.
D:\GraduationProject\GraduationProject\CalibrationForm.h(571,41): warning C4244: '=': conversion from 'int' to 'float', possible loss of data
D:\GraduationProject\GraduationProject\CalibrationForm.h(572,45): warning C4244: '=': conversion from 'int' to 'float', possible loss of data
D:\GraduationProject\GraduationProject\CalibrationForm.h(585,53): warning C4244: '=': conversion from 'int' to 'float', possible loss of data
D:\GraduationProject\GraduationProject\CalibrationForm.h(586,53): warning C4244: '=': conversion from 'int' to 'float', possible loss of data
D:\GraduationProject\GraduationProject\CalibrationForm.h(587,53): warning C4244: '=': conversion from 'int' to 'float', possible loss of data
D:\GraduationProject\GraduationProject\CalibrationForm.h(634,18): warning C4996: 'fopen': This function or variable may be unsafe. Consider using fopen_s instead. To disable deprecation, use _CRT_SECURE_NO_WARNINGS. See online help for details.
D:\GraduationProject\GraduationProject\CalibrationForm.h(637,6): warning C4996: 'fscanf': This function or variable may be unsafe. Consider using fscanf_s instead. To disable deprecation, use _CRT_SECURE_NO_WARNINGS. See online help for details.
D:\GraduationProject\GraduationProject\CalibrationForm.h(638,6): warning C4996: 'fscanf': This function or variable may be unsafe. Consider using fscanf_s instead. To disable deprecation, use _CRT_SECURE_NO_WARNINGS. See online help for details.
D:\GraduationProject\GraduationProject\CalibrationForm.h(639,6): warning C4996: 'fscanf': This function or variable may be unsafe. Consider using fscanf_s instead. To disable deprecation, use _CRT_SECURE_NO_WARNINGS. See online help for details.
D:\GraduationProject\GraduationProject\CalibrationForm.h(655,24): warning C4244: '=': conversion from 'int' to 'float', possible loss of data
D:\GraduationProject\GraduationProject\CalibrationForm.h(656,24): warning C4244: '=': conversion from 'int' to 'float', possible loss of data
D:\GraduationProject\GraduationProject\CalibrationForm.h(682,19): warning C4244: 'initializing': conversion from 'double' to 'float', possible loss of data
D:\GraduationProject\GraduationProject\MainForm.h(424,19): warning C4244: 'initializing': conversion from 'double' to 'float', possible loss of data
D:\GraduationProject\GraduationProject\MainForm.h(434,41): warning C4244: '=': conversion from 'int' to 'float', possible loss of data
D:\GraduationProject\GraduationProject\MainForm.h(435,45): warning C4244: '=': conversion from 'int' to 'float', possible loss of data
D:\GraduationProject\GraduationProject\MainForm.h(454,41): warning C4244: '=': conversion from 'int' to 'float', possible loss of data
D:\GraduationProject\GraduationProject\MainForm.h(455,44): warning C4244: '=': conversion from 'int' to 'float', possible loss of data
D:\GraduationProject\GraduationProject\MainForm.h(497,12): warning C4101: 'samplenum': unreferenced local variable
D:\GraduationProject\GraduationProject\MainForm.h(497,28): warning C4101: 'label': unreferenced local variable
  Generating Code...
D:\GraduationProject\GraduationProject\stb\include\stb_image.h(732): warning C4793: '`anonymous namespace'::stbi__cpuid3': function compiled as native:
  	Found an intrinsic not supported in managed code
D:\GraduationProject\GraduationProject\stb\include\stb_image.h(2581): warning C4793: '`anonymous namespace'::stbi__idct_simd': function compiled as native:
  	Found an intrinsic not supported in managed code
D:\GraduationProject\GraduationProject\stb\include\stb_image.h(2582): warning C4793: '`anonymous namespace'::stbi__idct_simd': function compiled as native:
  	Found an intrinsic not supported in managed code
D:\GraduationProject\GraduationProject\stb\include\stb_image.h(2583): warning C4793: '`anonymous namespace'::stbi__idct_simd': function compiled as native:
  	Found an intrinsic not supported in managed code
D:\GraduationProject\GraduationProject\stb\include\stb_image.h(2584): warning C4793: '`anonymous namespace'::stbi__idct_simd': function compiled as native:
  	Found an intrinsic not supported in managed code
D:\GraduationProject\GraduationProject\stb\include\stb_image.h(2585): warning C4793: '`anonymous namespace'::stbi__idct_simd': function compiled as native:
  	Found an intrinsic not supported in managed code
D:\GraduationProject\GraduationProject\stb\include\stb_image.h(2586): warning C4793: '`anonymous namespace'::stbi__idct_simd': function compiled as native:
  	Found an intrinsic not supported in managed code
D:\GraduationProject\GraduationProject\stb\include\stb_image.h(2587): warning C4793: '`anonymous namespace'::stbi__idct_simd': function compiled as native:
  	Found an intrinsic not supported in managed code
D:\GraduationProject\GraduationProject\stb\include\stb_image.h(2588): warning C4793: '`anonymous namespace'::stbi__idct_simd': function compiled as native:
  	Found an intrinsic not supported in managed code
D:\GraduationProject\GraduationProject\stb\include\stb_image.h(2591): warning C4793: '`anonymous namespace'::stbi__idct_simd': function compiled as native:
  	Found an intrinsic not supported in managed code
D:\GraduationProject\GraduationProject\stb\include\stb_image.h(2592): warning C4793: '`anonymous namespace'::stbi__idct_simd': function compiled as native:
  	Found an intrinsic not supported in managed code
D:\GraduationProject\GraduationProject\stb\include\stb_image.h(2595): warning C4793: '`anonymous namespace'::stbi__idct_simd': function compiled as native:
  	Found an intrinsic not supported in managed code
D:\GraduationProject\GraduationProject\stb\include\stb_image.h(2596): warning C4793: '`anonymous namespace'::stbi__idct_simd': function compiled as native:
  	Found an intrinsic not supported in managed code
D:\GraduationProject\GraduationProject\stb\include\stb_image.h(2597): warning C4793: '`anonymous namespace'::stbi__idct_simd': function compiled as native:
  	Found an intrinsic not supported in managed code
D:\GraduationProject\GraduationProject\stb\include\stb_image.h(2598): warning C4793: '`anonymous namespace'::stbi__idct_simd': function compiled as native:
  	Found an intrinsic not supported in managed code
D:\GraduationProject\GraduationProject\stb\include\stb_image.h(2599): warning C4793: '`anonymous namespace'::stbi__idct_simd': function compiled as native:
  	Found an intrinsic not supported in managed code
D:\GraduationProject\GraduationProject\stb\include\stb_image.h(2600): warning C4793: '`anonymous namespace'::stbi__idct_simd': function compiled as native:
  	Found an intrinsic not supported in managed code
D:\GraduationProject\GraduationProject\stb\include\stb_image.h(2601): warning C4793: '`anonymous namespace'::stbi__idct_simd': function compiled as native:
  	Found an intrinsic not supported in managed code
D:\GraduationProject\GraduationProject\stb\include\stb_image.h(2602): warning C4793: '`anonymous namespace'::stbi__idct_simd': function compiled as native:
  	Found an intrinsic not supported in managed code
D:\GraduationProject\GraduationProject\stb\include\stb_image.h(2605): warning C4793: '`anonymous namespace'::stbi__idct_simd': function compiled as native:
  	Found an intrinsic not supported in managed code
D:\GraduationProject\GraduationProject\stb\include\stb_image.h(2605): warning C4793: '`anonymous namespace'::stbi__idct_simd': function compiled as native:
  	Found an intrinsic not supported in managed code
D:\GraduationProject\GraduationProject\stb\include\stb_image.h(2605): warning C4793: '`anonymous namespace'::stbi__idct_simd': function compiled as native:
  	Found an intrinsic not supported in managed code
D:\GraduationProject\GraduationProject\stb\include\stb_image.h(2605): warning C4793: '`anonymous namespace'::stbi__idct_simd': function compiled as native:
  	Found an intrinsic not supported in managed code
D:\GraduationProject\GraduationProject\stb\include\stb_image.h(2605): warning C4793: '`anonymous namespace'::stbi__idct_simd': function compiled as native:
  	Found an intrinsic not supported in managed code
D:\GraduationProject\GraduationProject\stb\include\stb_image.h(2605): warning C4793: '`anonymous namespace'::stbi__idct_simd': function compiled as native:
  	Found an intrinsic not supported in managed code
D:\GraduationProject\GraduationProject\stb\include\stb_image.h(2605): warning C4793: '`anonymous namespace'::stbi__idct_simd': function compiled as native:
  	Found an intrinsic not supported in managed code
D:\GraduationProject\GraduationProject\stb\include\stb_image.h(2605): warning C4793: '`anonymous namespace'::stbi__idct_simd': function compiled as native:
  	Found an intrinsic not supported in managed code
D:\GraduationProject\GraduationProject\stb\include\stb_image.h(2605): warning C4793: '`anonymous namespace'::stbi__idct_simd': function compiled as native:
  	Found an intrinsic not supported in managed code
D:\GraduationProject\GraduationProject\stb\include\stb_image.h(2605): warning C4793: '`anonymous namespace'::stbi__idct_simd': function compiled as native:
  	Found an intrinsic not supported in managed code
D:\GraduationProject\GraduationProject\stb\include\stb_image.h(2605): warning C4793: '`anonymous namespace'::stbi__idct_simd': function compiled as native:
  	Found an intrinsic not supported in managed code
D:\GraduationProject\GraduationProject\stb\include\stb_image.h(2605): warning C4793: '`anonymous namespace'::stbi__idct_simd': function compiled as native:
  	Found an intrinsic not supported in managed code
D:\GraduationProject\GraduationProject\stb\include\stb_image.h(2605): warning C4793: '`anonymous namespace'::stbi__idct_simd': function compiled as native:
  	Found an intrinsic not supported in managed code
D:\GraduationProject\GraduationProject\stb\include\stb_image.h(2605): warning C4793: '`anonymous namespace'::stbi__idct_simd': function compiled as native:
  	Found an intrinsic not supported in managed code
D:\GraduationProject\GraduationProject\stb\include\stb_image.h(2605): warning C4793: '`anonymous namespace'::stbi__idct_simd': function compiled as native:
  	Found an intrinsic not supported in managed code
D:\GraduationProject\GraduationProject\stb\include\stb_image.h(2605): warning C4793: '`anonymous namespace'::stbi__idct_simd': function compiled as native:
  	Found an intrinsic not supported in managed code
D:\GraduationProject\GraduationProject\stb\include\stb_image.h(2605): warning C4793: '`anonymous namespace'::stbi__idct_simd': function compiled as native:
  	Found an intrinsic not supported in managed code
D:\GraduationProject\GraduationProject\stb\include\stb_image.h(2605): warning C4793: '`anonymous namespace'::stbi__idct_simd': function compiled as native:
  	Found an intrinsic not supported in managed code
D:\GraduationProject\GraduationProject\stb\include\stb_image.h(2605): warning C4793: '`anonymous namespace'::stbi__idct_simd': function compiled as native:
  	Found an intrinsic not supported in managed code
D:\GraduationProject\GraduationProject\stb\include\stb_image.h(2605): warning C4793: '`anonymous namespace'::stbi__idct_simd': function compiled as native:
  	Found an intrinsic not supported in managed code
D:\GraduationProject\GraduationProject\stb\include\stb_image.h(2605): warning C4793: '`anonymous namespace'::stbi__idct_simd': function compiled as native:
  	Found an intrinsic not supported in managed code
D:\GraduationProject\GraduationProject\stb\include\stb_image.h(2605): warning C4793: '`anonymous namespace'::stbi__idct_simd': function compiled as native:
  	Found an intrinsic not supported in managed code
D:\GraduationProject\GraduationProject\stb\include\stb_image.h(2605): warning C4793: '`anonymous namespace'::stbi__idct_simd': function compiled as native:
  	Found an intrinsic not supported in managed code
D:\GraduationProject\GraduationProject\stb\include\stb_image.h(2605): warning C4793: '`anonymous namespace'::stbi__idct_simd': function compiled as native:
  	Found an intrinsic not supported in managed code
D:\GraduationProject\GraduationProject\stb\include\stb_image.h(2605): warning C4793: '`anonymous namespace'::stbi__idct_simd': function compiled as native:
  	Found an intrinsic not supported in managed code
D:\GraduationProject\GraduationProject\stb\include\stb_image.h(2605): warning C4793: '`anonymous namespace'::stbi__idct_simd': function compiled as native:
  	Found an intrinsic not supported in managed code
D:\GraduationProject\GraduationProject\stb\include\stb_image.h(2605): warning C4793: '`anonymous namespace'::stbi__idct_simd': function compiled as native:
  	Found an intrinsic not supported in managed code
D:\GraduationProject\GraduationProject\stb\include\stb_image.h(2605): warning C4793: '`anonymous namespace'::stbi__idct_simd': function compiled as native:
  	Found an intrinsic not supported in managed code
D:\GraduationProject\GraduationProject\stb\include\stb_image.h(2605): warning C4793: '`anonymous namespace'::stbi__idct_simd': function compiled as native:
  	Found an intrinsic not supported in managed code
D:\GraduationProject\GraduationProject\stb\include\stb_image.h(2605): warning C4793: '`anonymous namespace'::stbi__idct_simd': function compiled as native:
  	Found an intrinsic not supported in managed code
D:\GraduationProject\GraduationProject\stb\include\stb_image.h(2605): warning C4793: '`anonymous namespace'::stbi__idct_simd': function compiled as native:
  	Found an intrinsic not supported in managed code
D:\GraduationProject\GraduationProject\stb\include\stb_image.h(2605): warning C4793: '`anonymous namespace'::stbi__idct_simd': function compiled as native:
  	Found an intrinsic not supported in managed code
D:\GraduationProject\GraduationProject\stb\include\stb_image.h(2605): warning C4793: '`anonymous namespace'::stbi__idct_simd': function compiled as native:
  	Found an intrinsic not supported in managed code
D:\GraduationProject\GraduationProject\stb\include\stb_image.h(2605): warning C4793: '`anonymous namespace'::stbi__idct_simd': function compiled as native:
  	Found an intrinsic not supported in managed code
D:\GraduationProject\GraduationProject\stb\include\stb_image.h(2605): warning C4793: '`anonymous namespace'::stbi__idct_simd': function compiled as native:
  	Found an intrinsic not supported in managed code
D:\GraduationProject\GraduationProject\stb\include\stb_image.h(2605): warning C4793: '`anonymous namespace'::stbi__idct_simd': function compiled as native:
  	Found an intrinsic not supported in managed code
D:\GraduationProject\GraduationProject\stb\include\stb_image.h(2605): warning C4793: '`anonymous namespace'::stbi__idct_simd': function compiled as native:
  	Found an intrinsic not supported in managed code
D:\GraduationProject\GraduationProject\stb\include\stb_image.h(2605): warning C4793: '`anonymous namespace'::stbi__idct_simd': function compiled as native:
  	Found an intrinsic not supported in managed code
D:\GraduationProject\GraduationProject\stb\include\stb_image.h(2605): warning C4793: '`anonymous namespace'::stbi__idct_simd': function compiled as native:
  	Found an intrinsic not supported in managed code
D:\GraduationProject\GraduationProject\stb\include\stb_image.h(2605): warning C4793: '`anonymous namespace'::stbi__idct_simd': function compiled as native:
  	Found an intrinsic not supported in managed code
D:\GraduationProject\GraduationProject\stb\include\stb_image.h(2605): warning C4793: '`anonymous namespace'::stbi__idct_simd': function compiled as native:
  	Found an intrinsic not supported in managed code
D:\GraduationProject\GraduationProject\stb\include\stb_image.h(2605): warning C4793: '`anonymous namespace'::stbi__idct_simd': function compiled as native:
  	Found an intrinsic not supported in managed code
D:\GraduationProject\GraduationProject\stb\include\stb_image.h(2605): warning C4793: '`anonymous namespace'::stbi__idct_simd': function compiled as native:
  	Found an intrinsic not supported in managed code
D:\GraduationProject\GraduationProject\stb\include\stb_image.h(2605): warning C4793: '`anonymous namespace'::stbi__idct_simd': function compiled as native:
  	Found an intrinsic not supported in managed code
D:\GraduationProject\GraduationProject\stb\include\stb_image.h(2605): warning C4793: '`anonymous namespace'::stbi__idct_simd': function compiled as native:
  	Found an intrinsic not supported in managed code
D:\GraduationProject\GraduationProject\stb\include\stb_image.h(2605): warning C4793: '`anonymous namespace'::stbi__idct_simd': function compiled as native:
  	Found an intrinsic not supported in managed code
D:\GraduationProject\GraduationProject\stb\include\stb_image.h(2605): warning C4793: '`anonymous namespace'::stbi__idct_simd': function compiled as native:
  	Found an intrinsic not supported in managed code
D:\GraduationProject\GraduationProject\stb\include\stb_image.h(2605): warning C4793: '`anonymous namespace'::stbi__idct_simd': function compiled as native:
  	Found an intrinsic not supported in managed code
D:\GraduationProject\GraduationProject\stb\include\stb_image.h(2605): warning C4793: '`anonymous namespace'::stbi__idct_simd': function compiled as native:
  	Found an intrinsic not supported in managed code
D:\GraduationProject\GraduationProject\stb\include\stb_image.h(2605): warning C4793: '`anonymous namespace'::stbi__idct_simd': function compiled as native:
  	Found an intrinsic not supported in managed code
D:\GraduationProject\GraduationProject\stb\include\stb_image.h(2605): warning C4793: '`anonymous namespace'::stbi__idct_simd': function compiled as native:
  	Found an intrinsic not supported in managed code
D:\GraduationProject\GraduationProject\stb\include\stb_image.h(2605): warning C4793: '`anonymous namespace'::stbi__idct_simd': function compiled as native:
  	Found an intrinsic not supported in managed code
D:\GraduationProject\GraduationProject\stb\include\stb_image.h(2605): warning C4793: '`anonymous namespace'::stbi__idct_simd': function compiled as native:
  	Found an intrinsic not supported in managed code
D:\GraduationProject\GraduationProject\stb\include\stb_image.h(2605): warning C4793: '`anonymous namespace'::stbi__idct_simd': function compiled as native:
  	Found an intrinsic not supported in managed code
D:\GraduationProject\GraduationProject\stb\include\stb_image.h(2605): warning C4793: '`anonymous namespace'::stbi__idct_simd': function compiled as native:
  	Found an intrinsic not supported in managed code
D:\GraduationProject\GraduationProject\stb\include\stb_image.h(2605): warning C4793: '`anonymous namespace'::stbi__idct_simd': function compiled as native:
  	Found an intrinsic not supported in managed code
D:\GraduationProject\GraduationProject\stb\include\stb_image.h(2605): warning C4793: '`anonymous namespace'::stbi__idct_simd': function compiled as native:
  	Found an intrinsic not supported in managed code
D:\GraduationProject\GraduationProject\stb\include\stb_image.h(2605): warning C4793: '`anonymous namespace'::stbi__idct_simd': function compiled as native:
  	Found an intrinsic not supported in managed code
D:\GraduationProject\GraduationProject\stb\include\stb_image.h(2605): warning C4793: '`anonymous namespace'::stbi__idct_simd': function compiled as native:
  	Found an intrinsic not supported in managed code
D:\GraduationProject\GraduationProject\stb\include\stb_image.h(2605): warning C4793: '`anonymous namespace'::stbi__idct_simd': function compiled as native:
  	Found an intrinsic not supported in managed code
D:\GraduationProject\GraduationProject\stb\include\stb_image.h(2605): warning C4793: '`anonymous namespace'::stbi__idct_simd': function compiled as native:
  	Found an intrinsic not supported in managed code
D:\GraduationProject\GraduationProject\stb\include\stb_image.h(2605): warning C4793: '`anonymous namespace'::stbi__idct_simd': function compiled as native:
  	Found an intrinsic not supported in managed code
D:\GraduationProject\GraduationProject\stb\include\stb_image.h(2605): warning C4793: '`anonymous namespace'::stbi__idct_simd': function compiled as native:
  	Found an intrinsic not supported in managed code
D:\GraduationProject\GraduationProject\stb\include\stb_image.h(2605): warning C4793: '`anonymous namespace'::stbi__idct_simd': function compiled as native:
  	Found an intrinsic not supported in managed code
D:\GraduationProject\GraduationProject\stb\include\stb_image.h(2605): warning C4793: '`anonymous namespace'::stbi__idct_simd': function compiled as native:
  	Found an intrinsic not supported in managed code
D:\GraduationProject\GraduationProject\stb\include\stb_image.h(2605): warning C4793: '`anonymous namespace'::stbi__idct_simd': function compiled as native:
  	Found an intrinsic not supported in managed code
D:\GraduationProject\GraduationProject\stb\include\stb_image.h(2605): warning C4793: '`anonymous namespace'::stbi__idct_simd': function compiled as native:
  	Found an intrinsic not supported in managed code
D:\GraduationProject\GraduationProject\stb\include\stb_image.h(2605): warning C4793: '`anonymous namespace'::stbi__idct_simd': function compiled as native:
  	Found an intrinsic not supported in managed code
D:\GraduationProject\GraduationProject\stb\include\stb_image.h(2605): warning C4793: '`anonymous namespace'::stbi__idct_simd': function compiled as native:
  	Found an intrinsic not supported in managed code
D:\GraduationProject\GraduationProject\stb\include\stb_image.h(2605): warning C4793: '`anonymous namespace'::stbi__idct_simd': function compiled as native:
  	Found an intrinsic not supported in managed code
D:\GraduationProject\GraduationProject\stb\include\stb_image.h(2605): warning C4793: '`anonymous namespace'::stbi__idct_simd': function compiled as native:
  	Found an intrinsic not supported in managed code
D:\GraduationProject\GraduationProject\stb\include\stb_image.h(2605): warning C4793: '`anonymous namespace'::stbi__idct_simd': function compiled as native:
  	Found an intrinsic not supported in managed code
D:\GraduationProject\GraduationProject\stb\include\stb_image.h(2605): warning C4793: '`anonymous namespace'::stbi__idct_simd': function compiled as native:
  	Found an intrinsic not supported in managed code
D:\GraduationProject\GraduationProject\stb\include\stb_image.h(2605): warning C4793: '`anonymous namespace'::stbi__idct_simd': function compiled as native:
  	Found an intrinsic not supported in managed code
D:\GraduationProject\GraduationProject\stb\include\stb_image.h(2605): warning C4793: '`anonymous namespace'::stbi__idct_simd': function compiled as native:
  	Found an intrinsic not supported in managed code
D:\GraduationProject\GraduationProject\stb\include\stb_image.h(2605): warning C4793: '`anonymous namespace'::stbi__idct_simd': function compiled as native:
  	Found an intrinsic not supported in managed code
D:\GraduationProject\GraduationProject\stb\include\stb_image.h(2605): warning C4793: '`anonymous namespace'::stbi__idct_simd': function compiled as native:
  	Found an intrinsic not supported in managed code
D:\GraduationProject\GraduationProject\stb\include\stb_image.h(2605): warning C4793: '`anonymous namespace'::stbi__idct_simd': function compiled as native:
  	Found an intrinsic not supported in managed code
D:\GraduationProject\GraduationProject\stb\include\stb_image.h(2605): warning C4793: '`anonymous namespace'::stbi__idct_simd': function compiled as native:
  	Found an intrinsic not supported in managed code
D:\GraduationProject\GraduationProject\stb\include\stb_image.h(2605): warning C4793: '`anonymous namespace'::stbi__idct_simd': function compiled as native:
  	Found an intrinsic not supported in managed code
D:\GraduationProject\GraduationProject\stb\include\stb_image.h(2605): warning C4793: '`anonymous namespace'::stbi__idct_simd': function compiled as native:
  	Found an intrinsic not supported in managed code
D:\GraduationProject\GraduationProject\stb\include\stb_image.h(2605): warning C4793: '`anonymous namespace'::stbi__idct_simd': function compiled as native:
  	Found an intrinsic not supported in managed code
D:\GraduationProject\GraduationProject\stb\include\stb_image.h(2605): warning C4793: '`anonymous namespace'::stbi__idct_simd': function compiled as native:
  	Found an intrinsic not supported in managed code
D:\GraduationProject\GraduationProject\stb\include\stb_image.h(2605): warning C4793: '`anonymous namespace'::stbi__idct_simd': function compiled as native:
  	Found an intrinsic not supported in managed code
D:\GraduationProject\GraduationProject\stb\include\stb_image.h(2605): warning C4793: '`anonymous namespace'::stbi__idct_simd': function compiled as native:
  	Found an intrinsic not supported in managed code
D:\GraduationProject\GraduationProject\stb\include\stb_image.h(2605): warning C4793: '`anonymous namespace'::stbi__idct_simd': function compiled as native:
  	Found an intrinsic not supported in managed code
D:\GraduationProject\GraduationProject\stb\include\stb_image.h(2605): warning C4793: '`anonymous namespace'::stbi__idct_simd': function compiled as native:
  	Found an intrinsic not supported in managed code
D:\GraduationProject\GraduationProject\stb\include\stb_image.h(2605): warning C4793: '`anonymous namespace'::stbi__idct_simd': function compiled as native:
  	Found an intrinsic not supported in managed code
D:\GraduationProject\GraduationProject\stb\include\stb_image.h(2605): warning C4793: '`anonymous namespace'::stbi__idct_simd': function compiled as native:
  	Found an intrinsic not supported in managed code
D:\GraduationProject\GraduationProject\stb\include\stb_image.h(2605): warning C4793: '`anonymous namespace'::stbi__idct_simd': function compiled as native:
  	Found an intrinsic not supported in managed code
D:\GraduationProject\GraduationProject\stb\include\stb_image.h(2605): warning C4793: '`anonymous namespace'::stbi__idct_simd': function compiled as native:
  	Found an intrinsic not supported in managed code
D:\GraduationProject\GraduationProject\stb\include\stb_image.h(2605): warning C4793: '`anonymous namespace'::stbi__idct_simd': function compiled as native:
  	Found an intrinsic not supported in managed code
D:\GraduationProject\GraduationProject\stb\include\stb_image.h(2605): warning C4793: '`anonymous namespace'::stbi__idct_simd': function compiled as native:
  	Found an intrinsic not supported in managed code
D:\GraduationProject\GraduationProject\stb\include\stb_image.h(2605): warning C4793: '`anonymous namespace'::stbi__idct_simd': function compiled as native:
  	Found an intrinsic not supported in managed code
D:\GraduationProject\GraduationProject\stb\include\stb_image.h(2605): warning C4793: '`anonymous namespace'::stbi__idct_simd': function compiled as native:
  	Found an intrinsic not supported in managed code
D:\GraduationProject\GraduationProject\stb\include\stb_image.h(2605): warning C4793: '`anonymous namespace'::stbi__idct_simd': function compiled as native:
  	Found an intrinsic not supported in managed code
D:\GraduationProject\GraduationProject\stb\include\stb_image.h(2605): warning C4793: '`anonymous namespace'::stbi__idct_simd': function compiled as native:
  	Found an intrinsic not supported in managed code
D:\GraduationProject\GraduationProject\stb\include\stb_image.h(2605): warning C4793: '`anonymous namespace'::stbi__idct_simd': function compiled as native:
  	Found an intrinsic not supported in managed code
D:\GraduationProject\GraduationProject\stb\include\stb_image.h(2605): warning C4793: '`anonymous namespace'::stbi__idct_simd': function compiled as native:
  	Found an intrinsic not supported in managed code
D:\GraduationProject\GraduationProject\stb\include\stb_image.h(2605): warning C4793: '`anonymous namespace'::stbi__idct_simd': function compiled as native:
  	Found an intrinsic not supported in managed code
D:\GraduationProject\GraduationProject\stb\include\stb_image.h(2605): warning C4793: '`anonymous namespace'::stbi__idct_simd': function compiled as native:
  	Found an intrinsic not supported in managed code
D:\GraduationProject\GraduationProject\stb\include\stb_image.h(2605): warning C4793: '`anonymous namespace'::stbi__idct_simd': function compiled as native:
  	Found an intrinsic not supported in managed code
D:\GraduationProject\GraduationProject\stb\include\stb_image.h(2605): warning C4793: '`anonymous namespace'::stbi__idct_simd': function compiled as native:
  	Found an intrinsic not supported in managed code
D:\GraduationProject\GraduationProject\stb\include\stb_image.h(2605): warning C4793: '`anonymous namespace'::stbi__idct_simd': function compiled as native:
  	Found an intrinsic not supported in managed code
D:\GraduationProject\GraduationProject\stb\include\stb_image.h(2609): warning C4793: '`anonymous namespace'::stbi__idct_simd': function compiled as native:
  	Found an intrinsic not supported in managed code
D:\GraduationProject\GraduationProject\stb\include\stb_image.h(2609): warning C4793: '`anonymous namespace'::stbi__idct_simd': function compiled as native:
  	Found an intrinsic not supported in managed code
D:\GraduationProject\GraduationProject\stb\include\stb_image.h(2610): warning C4793: '`anonymous namespace'::stbi__idct_simd': function compiled as native:
  	Found an intrinsic not supported in managed code
D:\GraduationProject\GraduationProject\stb\include\stb_image.h(2610): warning C4793: '`anonymous namespace'::stbi__idct_simd': function compiled as native:
  	Found an intrinsic not supported in managed code
D:\GraduationProject\GraduationProject\stb\include\stb_image.h(2611): warning C4793: '`anonymous namespace'::stbi__idct_simd': function compiled as native:
  	Found an intrinsic not supported in managed code
D:\GraduationProject\GraduationProject\stb\include\stb_image.h(2611): warning C4793: '`anonymous namespace'::stbi__idct_simd': function compiled as native:
  	Found an intrinsic not supported in managed code
D:\GraduationProject\GraduationProject\stb\include\stb_image.h(2612): warning C4793: '`anonymous namespace'::stbi__idct_simd': function compiled as native:
  	Found an intrinsic not supported in managed code
D:\GraduationProject\GraduationProject\stb\include\stb_image.h(2612): warning C4793: '`anonymous namespace'::stbi__idct_simd': function compiled as native:
  	Found an intrinsic not supported in managed code
D:\GraduationProject\GraduationProject\stb\include\stb_image.h(2615): warning C4793: '`anonymous namespace'::stbi__idct_simd': function compiled as native:
  	Found an intrinsic not supported in managed code
D:\GraduationProject\GraduationProject\stb\include\stb_image.h(2615): warning C4793: '`anonymous namespace'::stbi__idct_simd': function compiled as native:
  	Found an intrinsic not supported in managed code
D:\GraduationProject\GraduationProject\stb\include\stb_image.h(2616): warning C4793: '`anonymous namespace'::stbi__idct_simd': function compiled as native:
  	Found an intrinsic not supported in managed code
D:\GraduationProject\GraduationProject\stb\include\stb_image.h(2616): warning C4793: '`anonymous namespace'::stbi__idct_simd': function compiled as native:
  	Found an intrinsic not supported in managed code
D:\GraduationProject\GraduationProject\stb\include\stb_image.h(2617): warning C4793: '`anonymous namespace'::stbi__idct_simd': function compiled as native:
  	Found an intrinsic not supported in managed code
D:\GraduationProject\GraduationProject\stb\include\stb_image.h(2617): warning C4793: '`anonymous namespace'::stbi__idct_simd': function compiled as native:
  	Found an intrinsic not supported in managed code
D:\GraduationProject\GraduationProject\stb\include\stb_image.h(2618): warning C4793: '`anonymous namespace'::stbi__idct_simd': function compiled as native:
  	Found an intrinsic not supported in managed code
D:\GraduationProject\GraduationProject\stb\include\stb_image.h(2618): warning C4793: '`anonymous namespace'::stbi__idct_simd': function compiled as native:
  	Found an intrinsic not supported in managed code
D:\GraduationProject\GraduationProject\stb\include\stb_image.h(2621): warning C4793: '`anonymous namespace'::stbi__idct_simd': function compiled as native:
  	Found an intrinsic not supported in managed code
D:\GraduationProject\GraduationProject\stb\include\stb_image.h(2621): warning C4793: '`anonymous namespace'::stbi__idct_simd': function compiled as native:
  	Found an intrinsic not supported in managed code
D:\GraduationProject\GraduationProject\stb\include\stb_image.h(2622): warning C4793: '`anonymous namespace'::stbi__idct_simd': function compiled as native:
  	Found an intrinsic not supported in managed code
D:\GraduationProject\GraduationProject\stb\include\stb_image.h(2622): warning C4793: '`anonymous namespace'::stbi__idct_simd': function compiled as native:
  	Found an intrinsic not supported in managed code
D:\GraduationProject\GraduationProject\stb\include\stb_image.h(2623): warning C4793: '`anonymous namespace'::stbi__idct_simd': function compiled as native:
  	Found an intrinsic not supported in managed code
D:\GraduationProject\GraduationProject\stb\include\stb_image.h(2623): warning C4793: '`anonymous namespace'::stbi__idct_simd': function compiled as native:
  	Found an intrinsic not supported in managed code
D:\GraduationProject\GraduationProject\stb\include\stb_image.h(2624): warning C4793: '`anonymous namespace'::stbi__idct_simd': function compiled as native:
  	Found an intrinsic not supported in managed code
D:\GraduationProject\GraduationProject\stb\include\stb_image.h(2624): warning C4793: '`anonymous namespace'::stbi__idct_simd': function compiled as native:
  	Found an intrinsic not supported in managed code
D:\GraduationProject\GraduationProject\stb\include\stb_image.h(2628): warning C4793: '`anonymous namespace'::stbi__idct_simd': function compiled as native:
  	Found an intrinsic not supported in managed code
D:\GraduationProject\GraduationProject\stb\include\stb_image.h(2628): warning C4793: '`anonymous namespace'::stbi__idct_simd': function compiled as native:
  	Found an intrinsic not supported in managed code
D:\GraduationProject\GraduationProject\stb\include\stb_image.h(2628): warning C4793: '`anonymous namespace'::stbi__idct_simd': function compiled as native:
  	Found an intrinsic not supported in managed code
D:\GraduationProject\GraduationProject\stb\include\stb_image.h(2628): warning C4793: '`anonymous namespace'::stbi__idct_simd': function compiled as native:
  	Found an intrinsic not supported in managed code
D:\GraduationProject\GraduationProject\stb\include\stb_image.h(2628): warning C4793: '`anonymous namespace'::stbi__idct_simd': function compiled as native:
  	Found an intrinsic not supported in managed code
D:\GraduationProject\GraduationProject\stb\include\stb_image.h(2628): warning C4793: '`anonymous namespace'::stbi__idct_simd': function compiled as native:
  	Found an intrinsic not supported in managed code
D:\GraduationProject\GraduationProject\stb\include\stb_image.h(2628): warning C4793: '`anonymous namespace'::stbi__idct_simd': function compiled as native:
  	Found an intrinsic not supported in managed code
D:\GraduationProject\GraduationProject\stb\include\stb_image.h(2628): warning C4793: '`anonymous namespace'::stbi__idct_simd': function compiled as native:
  	Found an intrinsic not supported in managed code
D:\GraduationProject\GraduationProject\stb\include\stb_image.h(2628): warning C4793: '`anonymous namespace'::stbi__idct_simd': function compiled as native:
  	Found an intrinsic not supported in managed code
D:\GraduationProject\GraduationProject\stb\include\stb_image.h(2628): warning C4793: '`anonymous namespace'::stbi__idct_simd': function compiled as native:
  	Found an intrinsic not supported in managed code
D:\GraduationProject\GraduationProject\stb\include\stb_image.h(2628): warning C4793: '`anonymous namespace'::stbi__idct_simd': function compiled as native:
  	Found an intrinsic not supported in managed code
D:\GraduationProject\GraduationProject\stb\include\stb_image.h(2628): warning C4793: '`anonymous namespace'::stbi__idct_simd': function compiled as native:
  	Found an intrinsic not supported in managed code
D:\GraduationProject\GraduationProject\stb\include\stb_image.h(2628): warning C4793: '`anonymous namespace'::stbi__idct_simd': function compiled as native:
  	Found an intrinsic not supported in managed code
D:\GraduationProject\GraduationProject\stb\include\stb_image.h(2628): warning C4793: '`anonymous namespace'::stbi__idct_simd': function compiled as native:
  	Found an intrinsic not supported in managed code
D:\GraduationProject\GraduationProject\stb\include\stb_image.h(2628): warning C4793: '`anonymous namespace'::stbi__idct_simd': function compiled as native:
  	Found an intrinsic not supported in managed code
D:\GraduationProject\GraduationProject\stb\include\stb_image.h(2628): warning C4793: '`anonymous namespace'::stbi__idct_simd': function compiled as native:
  	Found an intrinsic not supported in managed code
D:\GraduationProject\GraduationProject\stb\include\stb_image.h(2628): warning C4793: '`anonymous namespace'::stbi__idct_simd': function compiled as native:
  	Found an intrinsic not supported in managed code
D:\GraduationProject\GraduationProject\stb\include\stb_image.h(2628): warning C4793: '`anonymous namespace'::stbi__idct_simd': function compiled as native:
  	Found an intrinsic not supported in managed code
D:\GraduationProject\GraduationProject\stb\include\stb_image.h(2628): warning C4793: '`anonymous namespace'::stbi__idct_simd': function compiled as native:
  	Found an intrinsic not supported in managed code
D:\GraduationProject\GraduationProject\stb\include\stb_image.h(2628): warning C4793: '`anonymous namespace'::stbi__idct_simd': function compiled as native:
  	Found an intrinsic not supported in managed code
D:\GraduationProject\GraduationProject\stb\include\stb_image.h(2628): warning C4793: '`anonymous namespace'::stbi__idct_simd': function compiled as native:
  	Found an intrinsic not supported in managed code
D:\GraduationProject\GraduationProject\stb\include\stb_image.h(2628): warning C4793: '`anonymous namespace'::stbi__idct_simd': function compiled as native:
  	Found an intrinsic not supported in managed code
D:\GraduationProject\GraduationProject\stb\include\stb_image.h(2628): warning C4793: '`anonymous namespace'::stbi__idct_simd': function compiled as native:
  	Found an intrinsic not supported in managed code
D:\GraduationProject\GraduationProject\stb\include\stb_image.h(2628): warning C4793: '`anonymous namespace'::stbi__idct_simd': function compiled as native:
  	Found an intrinsic not supported in managed code
D:\GraduationProject\GraduationProject\stb\include\stb_image.h(2628): warning C4793: '`anonymous namespace'::stbi__idct_simd': function compiled as native:
  	Found an intrinsic not supported in managed code
D:\GraduationProject\GraduationProject\stb\include\stb_image.h(2628): warning C4793: '`anonymous namespace'::stbi__idct_simd': function compiled as native:
  	Found an intrinsic not supported in managed code
D:\GraduationProject\GraduationProject\stb\include\stb_image.h(2628): warning C4793: '`anonymous namespace'::stbi__idct_simd': function compiled as native:
  	Found an intrinsic not supported in managed code
D:\GraduationProject\GraduationProject\stb\include\stb_image.h(2628): warning C4793: '`anonymous namespace'::stbi__idct_simd': function compiled as native:
  	Found an intrinsic not supported in managed code
D:\GraduationProject\GraduationProject\stb\include\stb_image.h(2628): warning C4793: '`anonymous namespace'::stbi__idct_simd': function compiled as native:
  	Found an intrinsic not supported in managed code
D:\GraduationProject\GraduationProject\stb\include\stb_image.h(2628): warning C4793: '`anonymous namespace'::stbi__idct_simd': function compiled as native:
  	Found an intrinsic not supported in managed code
D:\GraduationProject\GraduationProject\stb\include\stb_image.h(2628): warning C4793: '`anonymous namespace'::stbi__idct_simd': function compiled as native:
  	Found an intrinsic not supported in managed code
D:\GraduationProject\GraduationProject\stb\include\stb_image.h(2628): warning C4793: '`anonymous namespace'::stbi__idct_simd': function compiled as native:
  	Found an intrinsic not supported in managed code
D:\GraduationProject\GraduationProject\stb\include\stb_image.h(2628): warning C4793: '`anonymous namespace'::stbi__idct_simd': function compiled as native:
  	Found an intrinsic not supported in managed code
D:\GraduationProject\GraduationProject\stb\include\stb_image.h(2628): warning C4793: '`anonymous namespace'::stbi__idct_simd': function compiled as native:
  	Found an intrinsic not supported in managed code
D:\GraduationProject\GraduationProject\stb\include\stb_image.h(2628): warning C4793: '`anonymous namespace'::stbi__idct_simd': function compiled as native:
  	Found an intrinsic not supported in managed code
D:\GraduationProject\GraduationProject\stb\include\stb_image.h(2628): warning C4793: '`anonymous namespace'::stbi__idct_simd': function compiled as native:
  	Found an intrinsic not supported in managed code
D:\GraduationProject\GraduationProject\stb\include\stb_image.h(2628): warning C4793: '`anonymous namespace'::stbi__idct_simd': function compiled as native:
  	Found an intrinsic not supported in managed code
D:\GraduationProject\GraduationProject\stb\include\stb_image.h(2628): warning C4793: '`anonymous namespace'::stbi__idct_simd': function compiled as native:
  	Found an intrinsic not supported in managed code
D:\GraduationProject\GraduationProject\stb\include\stb_image.h(2628): warning C4793: '`anonymous namespace'::stbi__idct_simd': function compiled as native:
  	Found an intrinsic not supported in managed code
D:\GraduationProject\GraduationProject\stb\include\stb_image.h(2628): warning C4793: '`anonymous namespace'::stbi__idct_simd': function compiled as native:
  	Found an intrinsic not supported in managed code
D:\GraduationProject\GraduationProject\stb\include\stb_image.h(2628): warning C4793: '`anonymous namespace'::stbi__idct_simd': function compiled as native:
  	Found an intrinsic not supported in managed code
D:\GraduationProject\GraduationProject\stb\include\stb_image.h(2628): warning C4793: '`anonymous namespace'::stbi__idct_simd': function compiled as native:
  	Found an intrinsic not supported in managed code
D:\GraduationProject\GraduationProject\stb\include\stb_image.h(2628): warning C4793: '`anonymous namespace'::stbi__idct_simd': function compiled as native:
  	Found an intrinsic not supported in managed code
D:\GraduationProject\GraduationProject\stb\include\stb_image.h(2628): warning C4793: '`anonymous namespace'::stbi__idct_simd': function compiled as native:
  	Found an intrinsic not supported in managed code
D:\GraduationProject\GraduationProject\stb\include\stb_image.h(2628): warning C4793: '`anonymous namespace'::stbi__idct_simd': function compiled as native:
  	Found an intrinsic not supported in managed code
D:\GraduationProject\GraduationProject\stb\include\stb_image.h(2628): warning C4793: '`anonymous namespace'::stbi__idct_simd': function compiled as native:
  	Found an intrinsic not supported in managed code
D:\GraduationProject\GraduationProject\stb\include\stb_image.h(2628): warning C4793: '`anonymous namespace'::stbi__idct_simd': function compiled as native:
  	Found an intrinsic not supported in managed code
D:\GraduationProject\GraduationProject\stb\include\stb_image.h(2628): warning C4793: '`anonymous namespace'::stbi__idct_simd': function compiled as native:
  	Found an intrinsic not supported in managed code
D:\GraduationProject\GraduationProject\stb\include\stb_image.h(2628): warning C4793: '`anonymous namespace'::stbi__idct_simd': function compiled as native:
  	Found an intrinsic not supported in managed code
D:\GraduationProject\GraduationProject\stb\include\stb_image.h(2628): warning C4793: '`anonymous namespace'::stbi__idct_simd': function compiled as native:
  	Found an intrinsic not supported in managed code
D:\GraduationProject\GraduationProject\stb\include\stb_image.h(2628): warning C4793: '`anonymous namespace'::stbi__idct_simd': function compiled as native:
  	Found an intrinsic not supported in managed code
D:\GraduationProject\GraduationProject\stb\include\stb_image.h(2628): warning C4793: '`anonymous namespace'::stbi__idct_simd': function compiled as native:
  	Found an intrinsic not supported in managed code
D:\GraduationProject\GraduationProject\stb\include\stb_image.h(2628): warning C4793: '`anonymous namespace'::stbi__idct_simd': function compiled as native:
  	Found an intrinsic not supported in managed code
D:\GraduationProject\GraduationProject\stb\include\stb_image.h(2628): warning C4793: '`anonymous namespace'::stbi__idct_simd': function compiled as native:
  	Found an intrinsic not supported in managed code
D:\GraduationProject\GraduationProject\stb\include\stb_image.h(2628): warning C4793: '`anonymous namespace'::stbi__idct_simd': function compiled as native:
  	Found an intrinsic not supported in managed code
D:\GraduationProject\GraduationProject\stb\include\stb_image.h(2628): warning C4793: '`anonymous namespace'::stbi__idct_simd': function compiled as native:
  	Found an intrinsic not supported in managed code
D:\GraduationProject\GraduationProject\stb\include\stb_image.h(2628): warning C4793: '`anonymous namespace'::stbi__idct_simd': function compiled as native:
  	Found an intrinsic not supported in managed code
D:\GraduationProject\GraduationProject\stb\include\stb_image.h(2628): warning C4793: '`anonymous namespace'::stbi__idct_simd': function compiled as native:
  	Found an intrinsic not supported in managed code
D:\GraduationProject\GraduationProject\stb\include\stb_image.h(2628): warning C4793: '`anonymous namespace'::stbi__idct_simd': function compiled as native:
  	Found an intrinsic not supported in managed code
D:\GraduationProject\GraduationProject\stb\include\stb_image.h(2628): warning C4793: '`anonymous namespace'::stbi__idct_simd': function compiled as native:
  	Found an intrinsic not supported in managed code
D:\GraduationProject\GraduationProject\stb\include\stb_image.h(2628): warning C4793: '`anonymous namespace'::stbi__idct_simd': function compiled as native:
  	Found an intrinsic not supported in managed code
D:\GraduationProject\GraduationProject\stb\include\stb_image.h(2628): warning C4793: '`anonymous namespace'::stbi__idct_simd': function compiled as native:
  	Found an intrinsic not supported in managed code
D:\GraduationProject\GraduationProject\stb\include\stb_image.h(2628): warning C4793: '`anonymous namespace'::stbi__idct_simd': function compiled as native:
  	Found an intrinsic not supported in managed code
D:\GraduationProject\GraduationProject\stb\include\stb_image.h(2628): warning C4793: '`anonymous namespace'::stbi__idct_simd': function compiled as native:
  	Found an intrinsic not supported in managed code
D:\GraduationProject\GraduationProject\stb\include\stb_image.h(2628): warning C4793: '`anonymous namespace'::stbi__idct_simd': function compiled as native:
  	Found an intrinsic not supported in managed code
D:\GraduationProject\GraduationProject\stb\include\stb_image.h(2628): warning C4793: '`anonymous namespace'::stbi__idct_simd': function compiled as native:
  	Found an intrinsic not supported in managed code
D:\GraduationProject\GraduationProject\stb\include\stb_image.h(2628): warning C4793: '`anonymous namespace'::stbi__idct_simd': function compiled as native:
  	Found an intrinsic not supported in managed code
D:\GraduationProject\GraduationProject\stb\include\stb_image.h(2628): warning C4793: '`anonymous namespace'::stbi__idct_simd': function compiled as native:
  	Found an intrinsic not supported in managed code
D:\GraduationProject\GraduationProject\stb\include\stb_image.h(2628): warning C4793: '`anonymous namespace'::stbi__idct_simd': function compiled as native:
  	Found an intrinsic not supported in managed code
D:\GraduationProject\GraduationProject\stb\include\stb_image.h(2628): warning C4793: '`anonymous namespace'::stbi__idct_simd': function compiled as native:
  	Found an intrinsic not supported in managed code
D:\GraduationProject\GraduationProject\stb\include\stb_image.h(2628): warning C4793: '`anonymous namespace'::stbi__idct_simd': function compiled as native:
  	Found an intrinsic not supported in managed code
D:\GraduationProject\GraduationProject\stb\include\stb_image.h(2628): warning C4793: '`anonymous namespace'::stbi__idct_simd': function compiled as native:
  	Found an intrinsic not supported in managed code
D:\GraduationProject\GraduationProject\stb\include\stb_image.h(2628): warning C4793: '`anonymous namespace'::stbi__idct_simd': function compiled as native:
  	Found an intrinsic not supported in managed code
D:\GraduationProject\GraduationProject\stb\include\stb_image.h(2628): warning C4793: '`anonymous namespace'::stbi__idct_simd': function compiled as native:
  	Found an intrinsic not supported in managed code
D:\GraduationProject\GraduationProject\stb\include\stb_image.h(2628): warning C4793: '`anonymous namespace'::stbi__idct_simd': function compiled as native:
  	Found an intrinsic not supported in managed code
D:\GraduationProject\GraduationProject\stb\include\stb_image.h(2628): warning C4793: '`anonymous namespace'::stbi__idct_simd': function compiled as native:
  	Found an intrinsic not supported in managed code
D:\GraduationProject\GraduationProject\stb\include\stb_image.h(2628): warning C4793: '`anonymous namespace'::stbi__idct_simd': function compiled as native:
  	Found an intrinsic not supported in managed code
D:\GraduationProject\GraduationProject\stb\include\stb_image.h(2628): warning C4793: '`anonymous namespace'::stbi__idct_simd': function compiled as native:
  	Found an intrinsic not supported in managed code
D:\GraduationProject\GraduationProject\stb\include\stb_image.h(2628): warning C4793: '`anonymous namespace'::stbi__idct_simd': function compiled as native:
  	Found an intrinsic not supported in managed code
D:\GraduationProject\GraduationProject\stb\include\stb_image.h(2628): warning C4793: '`anonymous namespace'::stbi__idct_simd': function compiled as native:
  	Found an intrinsic not supported in managed code
D:\GraduationProject\GraduationProject\stb\include\stb_image.h(2628): warning C4793: '`anonymous namespace'::stbi__idct_simd': function compiled as native:
  	Found an intrinsic not supported in managed code
D:\GraduationProject\GraduationProject\stb\include\stb_image.h(2628): warning C4793: '`anonymous namespace'::stbi__idct_simd': function compiled as native:
  	Found an intrinsic not supported in managed code
D:\GraduationProject\GraduationProject\stb\include\stb_image.h(2628): warning C4793: '`anonymous namespace'::stbi__idct_simd': function compiled as native:
  	Found an intrinsic not supported in managed code
D:\GraduationProject\GraduationProject\stb\include\stb_image.h(2628): warning C4793: '`anonymous namespace'::stbi__idct_simd': function compiled as native:
  	Found an intrinsic not supported in managed code
D:\GraduationProject\GraduationProject\stb\include\stb_image.h(2628): warning C4793: '`anonymous namespace'::stbi__idct_simd': function compiled as native:
  	Found an intrinsic not supported in managed code
D:\GraduationProject\GraduationProject\stb\include\stb_image.h(2628): warning C4793: '`anonymous namespace'::stbi__idct_simd': function compiled as native:
  	Found an intrinsic not supported in managed code
D:\GraduationProject\GraduationProject\stb\include\stb_image.h(2628): warning C4793: '`anonymous namespace'::stbi__idct_simd': function compiled as native:
  	Found an intrinsic not supported in managed code
D:\GraduationProject\GraduationProject\stb\include\stb_image.h(2628): warning C4793: '`anonymous namespace'::stbi__idct_simd': function compiled as native:
  	Found an intrinsic not supported in managed code
D:\GraduationProject\GraduationProject\stb\include\stb_image.h(2628): warning C4793: '`anonymous namespace'::stbi__idct_simd': function compiled as native:
  	Found an intrinsic not supported in managed code
D:\GraduationProject\GraduationProject\stb\include\stb_image.h(2628): warning C4793: '`anonymous namespace'::stbi__idct_simd': function compiled as native:
  	Found an intrinsic not supported in managed code
D:\GraduationProject\GraduationProject\stb\include\stb_image.h(2628): warning C4793: '`anonymous namespace'::stbi__idct_simd': function compiled as native:
  	Found an intrinsic not supported in managed code
D:\GraduationProject\GraduationProject\stb\include\stb_image.h(2628): warning C4793: '`anonymous namespace'::stbi__idct_simd': function compiled as native:
  	Found an intrinsic not supported in managed code
D:\GraduationProject\GraduationProject\stb\include\stb_image.h(2628): warning C4793: '`anonymous namespace'::stbi__idct_simd': function compiled as native:
  	Found an intrinsic not supported in managed code
D:\GraduationProject\GraduationProject\stb\include\stb_image.h(2628): warning C4793: '`anonymous namespace'::stbi__idct_simd': function compiled as native:
  	Found an intrinsic not supported in managed code
D:\GraduationProject\GraduationProject\stb\include\stb_image.h(2628): warning C4793: '`anonymous namespace'::stbi__idct_simd': function compiled as native:
  	Found an intrinsic not supported in managed code
D:\GraduationProject\GraduationProject\stb\include\stb_image.h(2628): warning C4793: '`anonymous namespace'::stbi__idct_simd': function compiled as native:
  	Found an intrinsic not supported in managed code
D:\GraduationProject\GraduationProject\stb\include\stb_image.h(2628): warning C4793: '`anonymous namespace'::stbi__idct_simd': function compiled as native:
  	Found an intrinsic not supported in managed code
D:\GraduationProject\GraduationProject\stb\include\stb_image.h(2628): warning C4793: '`anonymous namespace'::stbi__idct_simd': function compiled as native:
  	Found an intrinsic not supported in managed code
D:\GraduationProject\GraduationProject\stb\include\stb_image.h(2628): warning C4793: '`anonymous namespace'::stbi__idct_simd': function compiled as native:
  	Found an intrinsic not supported in managed code
D:\GraduationProject\GraduationProject\stb\include\stb_image.h(2628): warning C4793: '`anonymous namespace'::stbi__idct_simd': function compiled as native:
  	Found an intrinsic not supported in managed code
D:\GraduationProject\GraduationProject\stb\include\stb_image.h(2628): warning C4793: '`anonymous namespace'::stbi__idct_simd': function compiled as native:
  	Found an intrinsic not supported in managed code
D:\GraduationProject\GraduationProject\stb\include\stb_image.h(2628): warning C4793: '`anonymous namespace'::stbi__idct_simd': function compiled as native:
  	Found an intrinsic not supported in managed code
D:\GraduationProject\GraduationProject\stb\include\stb_image.h(2628): warning C4793: '`anonymous namespace'::stbi__idct_simd': function compiled as native:
  	Found an intrinsic not supported in managed code
D:\GraduationProject\GraduationProject\stb\include\stb_image.h(2628): warning C4793: '`anonymous namespace'::stbi__idct_simd': function compiled as native:
  	Found an intrinsic not supported in managed code
D:\GraduationProject\GraduationProject\stb\include\stb_image.h(2632): warning C4793: '`anonymous namespace'::stbi__idct_simd': function compiled as native:
  	Found an intrinsic not supported in managed code
D:\GraduationProject\GraduationProject\stb\include\stb_image.h(2633): warning C4793: '`anonymous namespace'::stbi__idct_simd': function compiled as native:
  	Found an intrinsic not supported in managed code
D:\GraduationProject\GraduationProject\stb\include\stb_image.h(2634): warning C4793: '`anonymous namespace'::stbi__idct_simd': function compiled as native:
  	Found an intrinsic not supported in managed code
D:\GraduationProject\GraduationProject\stb\include\stb_image.h(2635): warning C4793: '`anonymous namespace'::stbi__idct_simd': function compiled as native:
  	Found an intrinsic not supported in managed code
D:\GraduationProject\GraduationProject\stb\include\stb_image.h(2638): warning C4793: '`anonymous namespace'::stbi__idct_simd': function compiled as native:
  	Found an intrinsic not supported in managed code
D:\GraduationProject\GraduationProject\stb\include\stb_image.h(2638): warning C4793: '`anonymous namespace'::stbi__idct_simd': function compiled as native:
  	Found an intrinsic not supported in managed code
D:\GraduationProject\GraduationProject\stb\include\stb_image.h(2639): warning C4793: '`anonymous namespace'::stbi__idct_simd': function compiled as native:
  	Found an intrinsic not supported in managed code
D:\GraduationProject\GraduationProject\stb\include\stb_image.h(2639): warning C4793: '`anonymous namespace'::stbi__idct_simd': function compiled as native:
  	Found an intrinsic not supported in managed code
D:\GraduationProject\GraduationProject\stb\include\stb_image.h(2642): warning C4793: '`anonymous namespace'::stbi__idct_simd': function compiled as native:
  	Found an intrinsic not supported in managed code
D:\GraduationProject\GraduationProject\stb\include\stb_image.h(2642): warning C4793: '`anonymous namespace'::stbi__idct_simd': function compiled as native:
  	Found an intrinsic not supported in managed code
D:\GraduationProject\GraduationProject\stb\include\stb_image.h(2643): warning C4793: '`anonymous namespace'::stbi__idct_simd': function compiled as native:
  	Found an intrinsic not supported in managed code
D:\GraduationProject\GraduationProject\stb\include\stb_image.h(2643): warning C4793: '`anonymous namespace'::stbi__idct_simd': function compiled as native:
  	Found an intrinsic not supported in managed code
D:\GraduationProject\GraduationProject\stb\include\stb_image.h(2646): warning C4793: '`anonymous namespace'::stbi__idct_simd': function compiled as native:
  	Found an intrinsic not supported in managed code
D:\GraduationProject\GraduationProject\stb\include\stb_image.h(2646): warning C4793: '`anonymous namespace'::stbi__idct_simd': function compiled as native:
  	Found an intrinsic not supported in managed code
D:\GraduationProject\GraduationProject\stb\include\stb_image.h(2647): warning C4793: '`anonymous namespace'::stbi__idct_simd': function compiled as native:
  	Found an intrinsic not supported in managed code
D:\GraduationProject\GraduationProject\stb\include\stb_image.h(2647): warning C4793: '`anonymous namespace'::stbi__idct_simd': function compiled as native:
  	Found an intrinsic not supported in managed code
D:\GraduationProject\GraduationProject\stb\include\stb_image.h(2650): warning C4793: '`anonymous namespace'::stbi__idct_simd': function compiled as native:
  	Found an intrinsic not supported in managed code
D:\GraduationProject\GraduationProject\stb\include\stb_image.h(2651): warning C4793: '`anonymous namespace'::stbi__idct_simd': function compiled as native:
  	Found an intrinsic not supported in managed code
D:\GraduationProject\GraduationProject\stb\include\stb_image.h(2651): warning C4793: '`anonymous namespace'::stbi__idct_simd': function compiled as native:
  	Found an intrinsic not supported in managed code
D:\GraduationProject\GraduationProject\stb\include\stb_image.h(2652): warning C4793: '`anonymous namespace'::stbi__idct_simd': function compiled as native:
  	Found an intrinsic not supported in managed code
D:\GraduationProject\GraduationProject\stb\include\stb_image.h(2653): warning C4793: '`anonymous namespace'::stbi__idct_simd': function compiled as native:
  	Found an intrinsic not supported in managed code
D:\GraduationProject\GraduationProject\stb\include\stb_image.h(2653): warning C4793: '`anonymous namespace'::stbi__idct_simd': function compiled as native:
  	Found an intrinsic not supported in managed code
D:\GraduationProject\GraduationProject\stb\include\stb_image.h(2654): warning C4793: '`anonymous namespace'::stbi__idct_simd': function compiled as native:
  	Found an intrinsic not supported in managed code
D:\GraduationProject\GraduationProject\stb\include\stb_image.h(2655): warning C4793: '`anonymous namespace'::stbi__idct_simd': function compiled as native:
  	Found an intrinsic not supported in managed code
D:\GraduationProject\GraduationProject\stb\include\stb_image.h(2655): warning C4793: '`anonymous namespace'::stbi__idct_simd': function compiled as native:
  	Found an intrinsic not supported in managed code
D:\GraduationProject\GraduationProject\stb\include\stb_image.h(2656): warning C4793: '`anonymous namespace'::stbi__idct_simd': function compiled as native:
  	Found an intrinsic not supported in managed code
D:\GraduationProject\GraduationProject\stb\include\stb_image.h(2657): warning C4793: '`anonymous namespace'::stbi__idct_simd': function compiled as native:
  	Found an intrinsic not supported in managed code
D:\GraduationProject\GraduationProject\stb\include\stb_image.h(2657): warning C4793: '`anonymous namespace'::stbi__idct_simd': function compiled as native:
  	Found an intrinsic not supported in managed code
D:\GraduationProject\GraduationProject\stb\include\stb_image.h(3642): warning C4793: '`anonymous namespace'::stbi__YCbCr_to_RGB_simd': function compiled as native:
  	Found an intrinsic not supported in managed code
D:\GraduationProject\GraduationProject\stb\include\stb_image.h(3643): warning C4793: '`anonymous namespace'::stbi__YCbCr_to_RGB_simd': function compiled as native:
  	Found an intrinsic not supported in managed code
D:\GraduationProject\GraduationProject\stb\include\stb_image.h(3644): warning C4793: '`anonymous namespace'::stbi__YCbCr_to_RGB_simd': function compiled as native:
  	Found an intrinsic not supported in managed code
D:\GraduationProject\GraduationProject\stb\include\stb_image.h(3645): warning C4793: '`anonymous namespace'::stbi__YCbCr_to_RGB_simd': function compiled as native:
  	Found an intrinsic not supported in managed code
D:\GraduationProject\GraduationProject\stb\include\stb_image.h(3646): warning C4793: '`anonymous namespace'::stbi__YCbCr_to_RGB_simd': function compiled as native:
  	Found an intrinsic not supported in managed code
D:\GraduationProject\GraduationProject\stb\include\stb_image.h(3647): warning C4793: '`anonymous namespace'::stbi__YCbCr_to_RGB_simd': function compiled as native:
  	Found an intrinsic not supported in managed code
D:\GraduationProject\GraduationProject\stb\include\stb_image.h(3648): warning C4793: '`anonymous namespace'::stbi__YCbCr_to_RGB_simd': function compiled as native:
  	Found an intrinsic not supported in managed code
D:\GraduationProject\GraduationProject\stb\include\stb_image.h(3652): warning C4793: '`anonymous namespace'::stbi__YCbCr_to_RGB_simd': function compiled as native:
  	Found an intrinsic not supported in managed code
D:\GraduationProject\GraduationProject\stb\include\stb_image.h(3653): warning C4793: '`anonymous namespace'::stbi__YCbCr_to_RGB_simd': function compiled as native:
  	Found an intrinsic not supported in managed code
D:\GraduationProject\GraduationProject\stb\include\stb_image.h(3654): warning C4793: '`anonymous namespace'::stbi__YCbCr_to_RGB_simd': function compiled as native:
  	Found an intrinsic not supported in managed code
D:\GraduationProject\GraduationProject\stb\include\stb_image.h(3655): warning C4793: '`anonymous namespace'::stbi__YCbCr_to_RGB_simd': function compiled as native:
  	Found an intrinsic not supported in managed code
D:\GraduationProject\GraduationProject\stb\include\stb_image.h(3656): warning C4793: '`anonymous namespace'::stbi__YCbCr_to_RGB_simd': function compiled as native:
  	Found an intrinsic not supported in managed code
D:\GraduationProject\GraduationProject\stb\include\stb_image.h(3659): warning C4793: '`anonymous namespace'::stbi__YCbCr_to_RGB_simd': function compiled as native:
  	Found an intrinsic not supported in managed code
D:\GraduationProject\GraduationProject\stb\include\stb_image.h(3660): warning C4793: '`anonymous namespace'::stbi__YCbCr_to_RGB_simd': function compiled as native:
  	Found an intrinsic not supported in managed code
D:\GraduationProject\GraduationProject\stb\include\stb_image.h(3660): warning C4793: '`anonymous namespace'::stbi__YCbCr_to_RGB_simd': function compiled as native:
  	Found an intrinsic not supported in managed code
D:\GraduationProject\GraduationProject\stb\include\stb_image.h(3661): warning C4793: '`anonymous namespace'::stbi__YCbCr_to_RGB_simd': function compiled as native:
  	Found an intrinsic not supported in managed code
D:\GraduationProject\GraduationProject\stb\include\stb_image.h(3661): warning C4793: '`anonymous namespace'::stbi__YCbCr_to_RGB_simd': function compiled as native:
  	Found an intrinsic not supported in managed code
D:\GraduationProject\GraduationProject\stb\include\stb_image.h(3664): warning C4793: '`anonymous namespace'::stbi__YCbCr_to_RGB_simd': function compiled as native:
  	Found an intrinsic not supported in managed code
D:\GraduationProject\GraduationProject\stb\include\stb_image.h(3665): warning C4793: '`anonymous namespace'::stbi__YCbCr_to_RGB_simd': function compiled as native:
  	Found an intrinsic not supported in managed code
D:\GraduationProject\GraduationProject\stb\include\stb_image.h(3666): warning C4793: '`anonymous namespace'::stbi__YCbCr_to_RGB_simd': function compiled as native:
  	Found an intrinsic not supported in managed code
D:\GraduationProject\GraduationProject\stb\include\stb_image.h(3667): warning C4793: '`anonymous namespace'::stbi__YCbCr_to_RGB_simd': function compiled as native:
  	Found an intrinsic not supported in managed code
D:\GraduationProject\GraduationProject\stb\include\stb_image.h(3668): warning C4793: '`anonymous namespace'::stbi__YCbCr_to_RGB_simd': function compiled as native:
  	Found an intrinsic not supported in managed code
D:\GraduationProject\GraduationProject\stb\include\stb_image.h(3669): warning C4793: '`anonymous namespace'::stbi__YCbCr_to_RGB_simd': function compiled as native:
  	Found an intrinsic not supported in managed code
D:\GraduationProject\GraduationProject\stb\include\stb_image.h(3670): warning C4793: '`anonymous namespace'::stbi__YCbCr_to_RGB_simd': function compiled as native:
  	Found an intrinsic not supported in managed code
D:\GraduationProject\GraduationProject\stb\include\stb_image.h(3671): warning C4793: '`anonymous namespace'::stbi__YCbCr_to_RGB_simd': function compiled as native:
  	Found an intrinsic not supported in managed code
D:\GraduationProject\GraduationProject\stb\include\stb_image.h(3672): warning C4793: '`anonymous namespace'::stbi__YCbCr_to_RGB_simd': function compiled as native:
  	Found an intrinsic not supported in managed code
D:\GraduationProject\GraduationProject\stb\include\stb_image.h(3675): warning C4793: '`anonymous namespace'::stbi__YCbCr_to_RGB_simd': function compiled as native:
  	Found an intrinsic not supported in managed code
D:\GraduationProject\GraduationProject\stb\include\stb_image.h(3676): warning C4793: '`anonymous namespace'::stbi__YCbCr_to_RGB_simd': function compiled as native:
  	Found an intrinsic not supported in managed code
D:\GraduationProject\GraduationProject\stb\include\stb_image.h(3677): warning C4793: '`anonymous namespace'::stbi__YCbCr_to_RGB_simd': function compiled as native:
  	Found an intrinsic not supported in managed code
D:\GraduationProject\GraduationProject\stb\include\stb_image.h(3680): warning C4793: '`anonymous namespace'::stbi__YCbCr_to_RGB_simd': function compiled as native:
  	Found an intrinsic not supported in managed code
D:\GraduationProject\GraduationProject\stb\include\stb_image.h(3681): warning C4793: '`anonymous namespace'::stbi__YCbCr_to_RGB_simd': function compiled as native:
  	Found an intrinsic not supported in managed code
D:\GraduationProject\GraduationProject\stb\include\stb_image.h(3684): warning C4793: '`anonymous namespace'::stbi__YCbCr_to_RGB_simd': function compiled as native:
  	Found an intrinsic not supported in managed code
D:\GraduationProject\GraduationProject\stb\include\stb_image.h(3685): warning C4793: '`anonymous namespace'::stbi__YCbCr_to_RGB_simd': function compiled as native:
  	Found an intrinsic not supported in managed code
D:\GraduationProject\GraduationProject\stb\include\stb_image.h(3686): warning C4793: '`anonymous namespace'::stbi__YCbCr_to_RGB_simd': function compiled as native:
  	Found an intrinsic not supported in managed code
D:\GraduationProject\GraduationProject\stb\include\stb_image.h(3687): warning C4793: '`anonymous namespace'::stbi__YCbCr_to_RGB_simd': function compiled as native:
  	Found an intrinsic not supported in managed code
D:\GraduationProject\GraduationProject\stb\include\stb_image.h(3690): warning C4793: '`anonymous namespace'::stbi__YCbCr_to_RGB_simd': function compiled as native:
  	Found an intrinsic not supported in managed code
D:\GraduationProject\GraduationProject\stb\include\stb_image.h(3691): warning C4793: '`anonymous namespace'::stbi__YCbCr_to_RGB_simd': function compiled as native:
  	Found an intrinsic not supported in managed code
D:\GraduationProject\GraduationProject\stb\include\stb_image.h(3494): warning C4793: '`anonymous namespace'::stbi__resample_row_hv_2_simd': function compiled as native:
  	Found an intrinsic not supported in managed code
D:\GraduationProject\GraduationProject\stb\include\stb_image.h(3495): warning C4793: '`anonymous namespace'::stbi__resample_row_hv_2_simd': function compiled as native:
  	Found an intrinsic not supported in managed code
D:\GraduationProject\GraduationProject\stb\include\stb_image.h(3496): warning C4793: '`anonymous namespace'::stbi__resample_row_hv_2_simd': function compiled as native:
  	Found an intrinsic not supported in managed code
D:\GraduationProject\GraduationProject\stb\include\stb_image.h(3497): warning C4793: '`anonymous namespace'::stbi__resample_row_hv_2_simd': function compiled as native:
  	Found an intrinsic not supported in managed code
D:\GraduationProject\GraduationProject\stb\include\stb_image.h(3498): warning C4793: '`anonymous namespace'::stbi__resample_row_hv_2_simd': function compiled as native:
  	Found an intrinsic not supported in managed code
D:\GraduationProject\GraduationProject\stb\include\stb_image.h(3499): warning C4793: '`anonymous namespace'::stbi__resample_row_hv_2_simd': function compiled as native:
  	Found an intrinsic not supported in managed code
D:\GraduationProject\GraduationProject\stb\include\stb_image.h(3500): warning C4793: '`anonymous namespace'::stbi__resample_row_hv_2_simd': function compiled as native:
  	Found an intrinsic not supported in managed code
D:\GraduationProject\GraduationProject\stb\include\stb_image.h(3501): warning C4793: '`anonymous namespace'::stbi__resample_row_hv_2_simd': function compiled as native:
  	Found an intrinsic not supported in managed code
D:\GraduationProject\GraduationProject\stb\include\stb_image.h(3508): warning C4793: '`anonymous namespace'::stbi__resample_row_hv_2_simd': function compiled as native:
  	Found an intrinsic not supported in managed code
D:\GraduationProject\GraduationProject\stb\include\stb_image.h(3509): warning C4793: '`anonymous namespace'::stbi__resample_row_hv_2_simd': function compiled as native:
  	Found an intrinsic not supported in managed code
D:\GraduationProject\GraduationProject\stb\include\stb_image.h(3510): warning C4793: '`anonymous namespace'::stbi__resample_row_hv_2_simd': function compiled as native:
  	Found an intrinsic not supported in managed code
D:\GraduationProject\GraduationProject\stb\include\stb_image.h(3511): warning C4793: '`anonymous namespace'::stbi__resample_row_hv_2_simd': function compiled as native:
  	Found an intrinsic not supported in managed code
D:\GraduationProject\GraduationProject\stb\include\stb_image.h(3517): warning C4793: '`anonymous namespace'::stbi__resample_row_hv_2_simd': function compiled as native:
  	Found an intrinsic not supported in managed code
D:\GraduationProject\GraduationProject\stb\include\stb_image.h(3518): warning C4793: '`anonymous namespace'::stbi__resample_row_hv_2_simd': function compiled as native:
  	Found an intrinsic not supported in managed code
D:\GraduationProject\GraduationProject\stb\include\stb_image.h(3519): warning C4793: '`anonymous namespace'::stbi__resample_row_hv_2_simd': function compiled as native:
  	Found an intrinsic not supported in managed code
D:\GraduationProject\GraduationProject\stb\include\stb_image.h(3520): warning C4793: '`anonymous namespace'::stbi__resample_row_hv_2_simd': function compiled as native:
  	Found an intrinsic not supported in managed code
D:\GraduationProject\GraduationProject\stb\include\stb_image.h(3521): warning C4793: '`anonymous namespace'::stbi__resample_row_hv_2_simd': function compiled as native:
  	Found an intrinsic not supported in managed code
D:\GraduationProject\GraduationProject\stb\include\stb_image.h(3522): warning C4793: '`anonymous namespace'::stbi__resample_row_hv_2_simd': function compiled as native:
  	Found an intrinsic not supported in managed code
D:\GraduationProject\GraduationProject\stb\include\stb_image.h(3523): warning C4793: '`anonymous namespace'::stbi__resample_row_hv_2_simd': function compiled as native:
  	Found an intrinsic not supported in managed code
D:\GraduationProject\GraduationProject\stb\include\stb_image.h(3526): warning C4793: '`anonymous namespace'::stbi__resample_row_hv_2_simd': function compiled as native:
  	Found an intrinsic not supported in managed code
D:\GraduationProject\GraduationProject\stb\include\stb_image.h(3527): warning C4793: '`anonymous namespace'::stbi__resample_row_hv_2_simd': function compiled as native:
  	Found an intrinsic not supported in managed code
D:\GraduationProject\GraduationProject\stb\include\stb_image.h(3528): warning C4793: '`anonymous namespace'::stbi__resample_row_hv_2_simd': function compiled as native:
  	Found an intrinsic not supported in managed code
D:\GraduationProject\GraduationProject\stb\include\stb_image.h(3529): warning C4793: '`anonymous namespace'::stbi__resample_row_hv_2_simd': function compiled as native:
  	Found an intrinsic not supported in managed code
D:\GraduationProject\GraduationProject\stb\include\stb_image.h(3532): warning C4793: '`anonymous namespace'::stbi__resample_row_hv_2_simd': function compiled as native:
  	Found an intrinsic not supported in managed code
D:\GraduationProject\GraduationProject\stb\include\stb_image.h(3533): warning C4793: '`anonymous namespace'::stbi__resample_row_hv_2_simd': function compiled as native:
  	Found an intrinsic not supported in managed code
  calibration.obj : MSIL module encountered; incremental linking is disabled for MSIL; performing full link
  GraduationProject.vcxproj -> D:\GraduationProject\x64\Debug\GraduationProject.exe
